This is pdfTeX, Version 3.14159265-2.6-1.40.17 (TeX Live 2016) (preloaded format=pdflatex 2017.3.28)  10 JUL 2017 14:34
entering extended mode
 restricted \write18 enabled.
 %&-line parsing enabled.
**bare_conf
(./bare_conf.tex
LaTeX2e <2017/01/01> patch level 3
Babel <3.9r> and hyphenation patterns for 83 language(s) loaded.
(./00_preamble.tex (./IEEEtran.cls
Document Class: IEEEtran 2015/08/26 V1.8b by Michael Shell
-- See the "IEEEtran_HOWTO" manual for usage information.
-- http://www.michaelshell.org/tex/ieeetran/
\@IEEEtrantmpdimenA=\dimen102
\@IEEEtrantmpdimenB=\dimen103
\@IEEEtrantmpdimenC=\dimen104
\@IEEEtrantmpcountA=\count79
\@IEEEtrantmpcountB=\count80
\@IEEEtrantmpcountC=\count81
\@IEEEtrantmptoksA=\toks14
LaTeX Font Info:    Try loading font information for OT1+ptm on input line 503.


(/collab/usr/global/tools/texlive/toss_3_x86_64_ib/2016/texmf-dist/tex/latex/ps
nfss/ot1ptm.fd
File: ot1ptm.fd 2001/06/04 font definitions for OT1/ptm.
)
-- Using 8.5in x 11in (letter) paper.
-- Using PDF output.
\@IEEEnormalsizeunitybaselineskip=\dimen105
-- This is a 10 point document.
\CLASSINFOnormalsizebaselineskip=\dimen106
\CLASSINFOnormalsizeunitybaselineskip=\dimen107
\IEEEnormaljot=\dimen108
LaTeX Font Info:    Font shape `OT1/ptm/bx/n' in size <5> not available
(Font)              Font shape `OT1/ptm/b/n' tried instead on input line 1090.
LaTeX Font Info:    Font shape `OT1/ptm/bx/it' in size <5> not available
(Font)              Font shape `OT1/ptm/b/it' tried instead on input line 1090.

LaTeX Font Info:    Font shape `OT1/ptm/bx/n' in size <7> not available
(Font)              Font shape `OT1/ptm/b/n' tried instead on input line 1090.
LaTeX Font Info:    Font shape `OT1/ptm/bx/it' in size <7> not available
(Font)              Font shape `OT1/ptm/b/it' tried instead on input line 1090.

LaTeX Font Info:    Font shape `OT1/ptm/bx/n' in size <8> not available
(Font)              Font shape `OT1/ptm/b/n' tried instead on input line 1090.
LaTeX Font Info:    Font shape `OT1/ptm/bx/it' in size <8> not available
(Font)              Font shape `OT1/ptm/b/it' tried instead on input line 1090.

LaTeX Font Info:    Font shape `OT1/ptm/bx/n' in size <9> not available
(Font)              Font shape `OT1/ptm/b/n' tried instead on input line 1090.
LaTeX Font Info:    Font shape `OT1/ptm/bx/it' in size <9> not available
(Font)              Font shape `OT1/ptm/b/it' tried instead on input line 1090.

LaTeX Font Info:    Font shape `OT1/ptm/bx/n' in size <10> not available
(Font)              Font shape `OT1/ptm/b/n' tried instead on input line 1090.
LaTeX Font Info:    Font shape `OT1/ptm/bx/it' in size <10> not available
(Font)              Font shape `OT1/ptm/b/it' tried instead on input line 1090.

LaTeX Font Info:    Font shape `OT1/ptm/bx/n' in size <11> not available
(Font)              Font shape `OT1/ptm/b/n' tried instead on input line 1090.
LaTeX Font Info:    Font shape `OT1/ptm/bx/it' in size <11> not available
(Font)              Font shape `OT1/ptm/b/it' tried instead on input line 1090.

LaTeX Font Info:    Font shape `OT1/ptm/bx/n' in size <12> not available
(Font)              Font shape `OT1/ptm/b/n' tried instead on input line 1090.
LaTeX Font Info:    Font shape `OT1/ptm/bx/it' in size <12> not available
(Font)              Font shape `OT1/ptm/b/it' tried instead on input line 1090.

LaTeX Font Info:    Font shape `OT1/ptm/bx/n' in size <17> not available
(Font)              Font shape `OT1/ptm/b/n' tried instead on input line 1090.
LaTeX Font Info:    Font shape `OT1/ptm/bx/it' in size <17> not available
(Font)              Font shape `OT1/ptm/b/it' tried instead on input line 1090.

LaTeX Font Info:    Font shape `OT1/ptm/bx/n' in size <20> not available
(Font)              Font shape `OT1/ptm/b/n' tried instead on input line 1090.
LaTeX Font Info:    Font shape `OT1/ptm/bx/it' in size <20> not available
(Font)              Font shape `OT1/ptm/b/it' tried instead on input line 1090.

LaTeX Font Info:    Font shape `OT1/ptm/bx/n' in size <24> not available
(Font)              Font shape `OT1/ptm/b/n' tried instead on input line 1090.
LaTeX Font Info:    Font shape `OT1/ptm/bx/it' in size <24> not available
(Font)              Font shape `OT1/ptm/b/it' tried instead on input line 1090.

\IEEEquantizedlength=\dimen109
\IEEEquantizedlengthdiff=\dimen110
\IEEEquantizedtextheightdiff=\dimen111
\IEEEilabelindentA=\dimen112
\IEEEilabelindentB=\dimen113
\IEEEilabelindent=\dimen114
\IEEEelabelindent=\dimen115
\IEEEdlabelindent=\dimen116
\IEEElabelindent=\dimen117
\IEEEiednormlabelsep=\dimen118
\IEEEiedmathlabelsep=\dimen119
\IEEEiedtopsep=\skip41
\c@section=\count82
\c@subsection=\count83
\c@subsubsection=\count84
\c@paragraph=\count85
\c@IEEEsubequation=\count86
\abovecaptionskip=\skip42
\belowcaptionskip=\skip43
\c@figure=\count87
\c@table=\count88
\@IEEEeqnnumcols=\count89
\@IEEEeqncolcnt=\count90
\@IEEEsubeqnnumrollback=\count91
\@IEEEquantizeheightA=\dimen120
\@IEEEquantizeheightB=\dimen121
\@IEEEquantizeheightC=\dimen122
\@IEEEquantizeprevdepth=\dimen123
\@IEEEquantizemultiple=\count92
\@IEEEquantizeboxA=\box26
\@IEEEtmpitemindent=\dimen124
\IEEEPARstartletwidth=\dimen125
\c@IEEEbiography=\count93
\@IEEEtranrubishbin=\box27
)
(/collab/usr/global/tools/texlive/toss_3_x86_64_ib/2016/texmf-dist/tex/latex/li
stings/listings.sty
(/collab/usr/global/tools/texlive/toss_3_x86_64_ib/2016/texmf-dist/tex/latex/gr
aphics/keyval.sty
Package: keyval 2014/10/28 v1.15 key=value parser (DPC)
\KV@toks@=\toks15
)
\lst@mode=\count94
\lst@gtempboxa=\box28
\lst@token=\toks16
\lst@length=\count95
\lst@currlwidth=\dimen126
\lst@column=\count96
\lst@pos=\count97
\lst@lostspace=\dimen127
\lst@width=\dimen128
\lst@newlines=\count98
\lst@lineno=\count99
\lst@maxwidth=\dimen129

(/collab/usr/global/tools/texlive/toss_3_x86_64_ib/2016/texmf-dist/tex/latex/li
stings/lstmisc.sty
File: lstmisc.sty 2015/06/04 1.6 (Carsten Heinz)
\c@lstnumber=\count100
\lst@skipnumbers=\count101
\lst@framebox=\box29
)
(/collab/usr/global/tools/texlive/toss_3_x86_64_ib/2016/texmf-dist/tex/latex/li
stings/listings.cfg
File: listings.cfg 2015/06/04 1.6 listings configuration
))
Package: listings 2015/06/04 1.6 (Carsten Heinz)

(/collab/usr/global/tools/texlive/toss_3_x86_64_ib/2016/texmf-dist/tex/latex/su
bfig/subfig.sty
Package: subfig 2005/06/28 ver: 1.3 subfig package

(/collab/usr/global/tools/texlive/toss_3_x86_64_ib/2016/texmf-dist/tex/latex/ca
ption/caption3.sty
Package: caption3 2016/05/22 v1.7-166 caption3 kernel (AR)
Package caption3 Info: TeX engine: e-TeX on input line 67.
\captionmargin=\dimen130
\captionmargin@=\dimen131
\captionwidth=\dimen132
\caption@tempdima=\dimen133
\caption@indent=\dimen134
\caption@parindent=\dimen135
\caption@hangindent=\dimen136
Package caption Info: Unknown document class (or package),
(caption)             standard defaults will be used.
)
\c@KVtest=\count102
\sf@farskip=\skip44
\sf@captopadj=\dimen137
\sf@capskip=\skip45
\sf@nearskip=\skip46
\c@subfigure=\count103
\c@subfigure@save=\count104
\c@lofdepth=\count105
\c@subtable=\count106
\c@subtable@save=\count107
\c@lotdepth=\count108
\sf@top=\skip47
\sf@bottom=\skip48
)
(/collab/usr/global/tools/texlive/toss_3_x86_64_ib/2016/texmf-dist/tex/latex/ur
l/url.sty
\Urlmuskip=\muskip10
Package: url 2013/09/16  ver 3.4  Verb mode for urls, etc.
)
(/collab/usr/global/tools/texlive/toss_3_x86_64_ib/2016/texmf-dist/tex/latex/to
donotes/todonotes.sty
Package: todonotes 2015/07/09 .dtx Todonotes source and documentation.
Package: todonotes 2012/07/25

(/collab/usr/global/tools/texlive/toss_3_x86_64_ib/2016/texmf-dist/tex/latex/ba
se/ifthen.sty
Package: ifthen 2014/09/29 v1.1c Standard LaTeX ifthen package (DPC)
)
(/collab/usr/global/tools/texlive/toss_3_x86_64_ib/2016/texmf-dist/tex/latex/xk
eyval/xkeyval.sty
Package: xkeyval 2014/12/03 v2.7a package option processing (HA)

(/collab/usr/global/tools/texlive/toss_3_x86_64_ib/2016/texmf-dist/tex/generic/
xkeyval/xkeyval.tex
(/collab/usr/global/tools/texlive/toss_3_x86_64_ib/2016/texmf-dist/tex/generic/
xkeyval/xkvutils.tex
\XKV@toks=\toks17
\XKV@tempa@toks=\toks18
)
\XKV@depth=\count109
File: xkeyval.tex 2014/12/03 v2.7a key=value parser (HA)
))
(/collab/usr/global/tools/texlive/toss_3_x86_64_ib/2016/texmf-dist/tex/latex/xc
olor/xcolor.sty
Package: xcolor 2016/05/11 v2.12 LaTeX color extensions (UK)

(/collab/usr/global/tools/texlive/toss_3_x86_64_ib/2016/texmf-dist/tex/latex/gr
aphics-cfg/color.cfg
File: color.cfg 2016/01/02 v1.6 sample color configuration
)
Package xcolor Info: Driver file: pdftex.def on input line 225.

(/collab/usr/global/tools/texlive/toss_3_x86_64_ib/2016/texmf-dist/tex/latex/gr
aphics-def/pdftex.def
File: pdftex.def 2017/01/12 v0.06k Graphics/color for pdfTeX

(/collab/usr/global/tools/texlive/toss_3_x86_64_ib/2016/texmf-dist/tex/generic/
oberdiek/infwarerr.sty
Package: infwarerr 2016/05/16 v1.4 Providing info/warning/error messages (HO)
)
(/collab/usr/global/tools/texlive/toss_3_x86_64_ib/2016/texmf-dist/tex/generic/
oberdiek/ltxcmds.sty
Package: ltxcmds 2016/05/16 v1.23 LaTeX kernel commands for general use (HO)
)
\Gread@gobject=\count110
)
Package xcolor Info: Model `cmy' substituted by `cmy0' on input line 1348.
Package xcolor Info: Model `hsb' substituted by `rgb' on input line 1352.
Package xcolor Info: Model `RGB' extended on input line 1364.
Package xcolor Info: Model `HTML' substituted by `rgb' on input line 1366.
Package xcolor Info: Model `Hsb' substituted by `hsb' on input line 1367.
Package xcolor Info: Model `tHsb' substituted by `hsb' on input line 1368.
Package xcolor Info: Model `HSB' substituted by `hsb' on input line 1369.
Package xcolor Info: Model `Gray' substituted by `gray' on input line 1370.
Package xcolor Info: Model `wave' substituted by `hsb' on input line 1371.
)
(/collab/usr/global/tools/texlive/toss_3_x86_64_ib/2016/texmf-dist/tex/latex/pg
f/frontendlayer/tikz.sty
(/collab/usr/global/tools/texlive/toss_3_x86_64_ib/2016/texmf-dist/tex/latex/pg
f/basiclayer/pgf.sty
(/collab/usr/global/tools/texlive/toss_3_x86_64_ib/2016/texmf-dist/tex/latex/pg
f/utilities/pgfrcs.sty
(/collab/usr/global/tools/texlive/toss_3_x86_64_ib/2016/texmf-dist/tex/generic/
pgf/utilities/pgfutil-common.tex
\pgfutil@everybye=\toks19
\pgfutil@tempdima=\dimen138
\pgfutil@tempdimb=\dimen139

(/collab/usr/global/tools/texlive/toss_3_x86_64_ib/2016/texmf-dist/tex/generic/
pgf/utilities/pgfutil-common-lists.tex))
(/collab/usr/global/tools/texlive/toss_3_x86_64_ib/2016/texmf-dist/tex/generic/
pgf/utilities/pgfutil-latex.def
\pgfutil@abb=\box30

(/collab/usr/global/tools/texlive/toss_3_x86_64_ib/2016/texmf-dist/tex/latex/ms
/everyshi.sty
Package: everyshi 2001/05/15 v3.00 EveryShipout Package (MS)
))
(/collab/usr/global/tools/texlive/toss_3_x86_64_ib/2016/texmf-dist/tex/generic/
pgf/utilities/pgfrcs.code.tex
Package: pgfrcs 2015/08/07 v3.0.1a (rcs-revision 1.31)
))
Package: pgf 2015/08/07 v3.0.1a (rcs-revision 1.15)

(/collab/usr/global/tools/texlive/toss_3_x86_64_ib/2016/texmf-dist/tex/latex/pg
f/basiclayer/pgfcore.sty
(/collab/usr/global/tools/texlive/toss_3_x86_64_ib/2016/texmf-dist/tex/latex/gr
aphics/graphicx.sty
Package: graphicx 2014/10/28 v1.0g Enhanced LaTeX Graphics (DPC,SPQR)

(/collab/usr/global/tools/texlive/toss_3_x86_64_ib/2016/texmf-dist/tex/latex/gr
aphics/graphics.sty
Package: graphics 2016/10/09 v1.0u Standard LaTeX Graphics (DPC,SPQR)

(/collab/usr/global/tools/texlive/toss_3_x86_64_ib/2016/texmf-dist/tex/latex/gr
aphics/trig.sty
Package: trig 2016/01/03 v1.10 sin cos tan (DPC)
)
(/collab/usr/global/tools/texlive/toss_3_x86_64_ib/2016/texmf-dist/tex/latex/gr
aphics-cfg/graphics.cfg
File: graphics.cfg 2016/06/04 v1.11 sample graphics configuration
)
Package graphics Info: Driver file: pdftex.def on input line 99.
)
\Gin@req@height=\dimen140
\Gin@req@width=\dimen141
)
(/collab/usr/global/tools/texlive/toss_3_x86_64_ib/2016/texmf-dist/tex/latex/pg
f/systemlayer/pgfsys.sty
(/collab/usr/global/tools/texlive/toss_3_x86_64_ib/2016/texmf-dist/tex/generic/
pgf/systemlayer/pgfsys.code.tex
Package: pgfsys 2014/07/09 v3.0.1a (rcs-revision 1.48)

(/collab/usr/global/tools/texlive/toss_3_x86_64_ib/2016/texmf-dist/tex/generic/
pgf/utilities/pgfkeys.code.tex
\pgfkeys@pathtoks=\toks20
\pgfkeys@temptoks=\toks21

(/collab/usr/global/tools/texlive/toss_3_x86_64_ib/2016/texmf-dist/tex/generic/
pgf/utilities/pgfkeysfiltered.code.tex
\pgfkeys@tmptoks=\toks22
))
\pgf@x=\dimen142
\pgf@y=\dimen143
\pgf@xa=\dimen144
\pgf@ya=\dimen145
\pgf@xb=\dimen146
\pgf@yb=\dimen147
\pgf@xc=\dimen148
\pgf@yc=\dimen149
\w@pgf@writea=\write3
\r@pgf@reada=\read1
\c@pgf@counta=\count111
\c@pgf@countb=\count112
\c@pgf@countc=\count113
\c@pgf@countd=\count114
\t@pgf@toka=\toks23
\t@pgf@tokb=\toks24
\t@pgf@tokc=\toks25

(/collab/usr/global/tools/texlive/toss_3_x86_64_ib/2016/texmf-dist/tex/generic/
pgf/systemlayer/pgf.cfg
File: pgf.cfg 2008/05/14  (rcs-revision 1.7)
)
Driver file for pgf: pgfsys-pdftex.def

(/collab/usr/global/tools/texlive/toss_3_x86_64_ib/2016/texmf-dist/tex/generic/
pgf/systemlayer/pgfsys-pdftex.def
File: pgfsys-pdftex.def 2014/10/11  (rcs-revision 1.35)

(/collab/usr/global/tools/texlive/toss_3_x86_64_ib/2016/texmf-dist/tex/generic/
pgf/systemlayer/pgfsys-common-pdf.def
File: pgfsys-common-pdf.def 2013/10/10  (rcs-revision 1.13)
)))
(/collab/usr/global/tools/texlive/toss_3_x86_64_ib/2016/texmf-dist/tex/generic/
pgf/systemlayer/pgfsyssoftpath.code.tex
File: pgfsyssoftpath.code.tex 2013/09/09  (rcs-revision 1.9)
\pgfsyssoftpath@smallbuffer@items=\count115
\pgfsyssoftpath@bigbuffer@items=\count116
)
(/collab/usr/global/tools/texlive/toss_3_x86_64_ib/2016/texmf-dist/tex/generic/
pgf/systemlayer/pgfsysprotocol.code.tex
File: pgfsysprotocol.code.tex 2006/10/16  (rcs-revision 1.4)
))
(/collab/usr/global/tools/texlive/toss_3_x86_64_ib/2016/texmf-dist/tex/generic/
pgf/basiclayer/pgfcore.code.tex
Package: pgfcore 2010/04/11 v3.0.1a (rcs-revision 1.7)

(/collab/usr/global/tools/texlive/toss_3_x86_64_ib/2016/texmf-dist/tex/generic/
pgf/math/pgfmath.code.tex
(/collab/usr/global/tools/texlive/toss_3_x86_64_ib/2016/texmf-dist/tex/generic/
pgf/math/pgfmathcalc.code.tex
(/collab/usr/global/tools/texlive/toss_3_x86_64_ib/2016/texmf-dist/tex/generic/
pgf/math/pgfmathutil.code.tex)
(/collab/usr/global/tools/texlive/toss_3_x86_64_ib/2016/texmf-dist/tex/generic/
pgf/math/pgfmathparser.code.tex
\pgfmath@dimen=\dimen150
\pgfmath@count=\count117
\pgfmath@box=\box31
\pgfmath@toks=\toks26
\pgfmath@stack@operand=\toks27
\pgfmath@stack@operation=\toks28
)
(/collab/usr/global/tools/texlive/toss_3_x86_64_ib/2016/texmf-dist/tex/generic/
pgf/math/pgfmathfunctions.code.tex
(/collab/usr/global/tools/texlive/toss_3_x86_64_ib/2016/texmf-dist/tex/generic/
pgf/math/pgfmathfunctions.basic.code.tex)
(/collab/usr/global/tools/texlive/toss_3_x86_64_ib/2016/texmf-dist/tex/generic/
pgf/math/pgfmathfunctions.trigonometric.code.tex)
(/collab/usr/global/tools/texlive/toss_3_x86_64_ib/2016/texmf-dist/tex/generic/
pgf/math/pgfmathfunctions.random.code.tex)
(/collab/usr/global/tools/texlive/toss_3_x86_64_ib/2016/texmf-dist/tex/generic/
pgf/math/pgfmathfunctions.comparison.code.tex)
(/collab/usr/global/tools/texlive/toss_3_x86_64_ib/2016/texmf-dist/tex/generic/
pgf/math/pgfmathfunctions.base.code.tex)
(/collab/usr/global/tools/texlive/toss_3_x86_64_ib/2016/texmf-dist/tex/generic/
pgf/math/pgfmathfunctions.round.code.tex)
(/collab/usr/global/tools/texlive/toss_3_x86_64_ib/2016/texmf-dist/tex/generic/
pgf/math/pgfmathfunctions.misc.code.tex)
(/collab/usr/global/tools/texlive/toss_3_x86_64_ib/2016/texmf-dist/tex/generic/
pgf/math/pgfmathfunctions.integerarithmetics.code.tex)))
(/collab/usr/global/tools/texlive/toss_3_x86_64_ib/2016/texmf-dist/tex/generic/
pgf/math/pgfmathfloat.code.tex
\c@pgfmathroundto@lastzeros=\count118
))
(/collab/usr/global/tools/texlive/toss_3_x86_64_ib/2016/texmf-dist/tex/generic/
pgf/basiclayer/pgfcorepoints.code.tex
File: pgfcorepoints.code.tex 2013/10/07  (rcs-revision 1.27)
\pgf@picminx=\dimen151
\pgf@picmaxx=\dimen152
\pgf@picminy=\dimen153
\pgf@picmaxy=\dimen154
\pgf@pathminx=\dimen155
\pgf@pathmaxx=\dimen156
\pgf@pathminy=\dimen157
\pgf@pathmaxy=\dimen158
\pgf@xx=\dimen159
\pgf@xy=\dimen160
\pgf@yx=\dimen161
\pgf@yy=\dimen162
\pgf@zx=\dimen163
\pgf@zy=\dimen164
)
(/collab/usr/global/tools/texlive/toss_3_x86_64_ib/2016/texmf-dist/tex/generic/
pgf/basiclayer/pgfcorepathconstruct.code.tex
File: pgfcorepathconstruct.code.tex 2013/10/07  (rcs-revision 1.29)
\pgf@path@lastx=\dimen165
\pgf@path@lasty=\dimen166
)
(/collab/usr/global/tools/texlive/toss_3_x86_64_ib/2016/texmf-dist/tex/generic/
pgf/basiclayer/pgfcorepathusage.code.tex
File: pgfcorepathusage.code.tex 2014/11/02  (rcs-revision 1.24)
\pgf@shorten@end@additional=\dimen167
\pgf@shorten@start@additional=\dimen168
)
(/collab/usr/global/tools/texlive/toss_3_x86_64_ib/2016/texmf-dist/tex/generic/
pgf/basiclayer/pgfcorescopes.code.tex
File: pgfcorescopes.code.tex 2015/05/08  (rcs-revision 1.46)
\pgfpic=\box32
\pgf@hbox=\box33
\pgf@layerbox@main=\box34
\pgf@picture@serial@count=\count119
)
(/collab/usr/global/tools/texlive/toss_3_x86_64_ib/2016/texmf-dist/tex/generic/
pgf/basiclayer/pgfcoregraphicstate.code.tex
File: pgfcoregraphicstate.code.tex 2014/11/02  (rcs-revision 1.12)
\pgflinewidth=\dimen169
)
(/collab/usr/global/tools/texlive/toss_3_x86_64_ib/2016/texmf-dist/tex/generic/
pgf/basiclayer/pgfcoretransformations.code.tex
File: pgfcoretransformations.code.tex 2015/08/07  (rcs-revision 1.20)
\pgf@pt@x=\dimen170
\pgf@pt@y=\dimen171
\pgf@pt@temp=\dimen172
)
(/collab/usr/global/tools/texlive/toss_3_x86_64_ib/2016/texmf-dist/tex/generic/
pgf/basiclayer/pgfcorequick.code.tex
File: pgfcorequick.code.tex 2008/10/09  (rcs-revision 1.3)
)
(/collab/usr/global/tools/texlive/toss_3_x86_64_ib/2016/texmf-dist/tex/generic/
pgf/basiclayer/pgfcoreobjects.code.tex
File: pgfcoreobjects.code.tex 2006/10/11  (rcs-revision 1.2)
)
(/collab/usr/global/tools/texlive/toss_3_x86_64_ib/2016/texmf-dist/tex/generic/
pgf/basiclayer/pgfcorepathprocessing.code.tex
File: pgfcorepathprocessing.code.tex 2013/09/09  (rcs-revision 1.9)
)
(/collab/usr/global/tools/texlive/toss_3_x86_64_ib/2016/texmf-dist/tex/generic/
pgf/basiclayer/pgfcorearrows.code.tex
File: pgfcorearrows.code.tex 2015/05/14  (rcs-revision 1.43)
\pgfarrowsep=\dimen173
)
(/collab/usr/global/tools/texlive/toss_3_x86_64_ib/2016/texmf-dist/tex/generic/
pgf/basiclayer/pgfcoreshade.code.tex
File: pgfcoreshade.code.tex 2013/07/15  (rcs-revision 1.15)
\pgf@max=\dimen174
\pgf@sys@shading@range@num=\count120
)
(/collab/usr/global/tools/texlive/toss_3_x86_64_ib/2016/texmf-dist/tex/generic/
pgf/basiclayer/pgfcoreimage.code.tex
File: pgfcoreimage.code.tex 2013/07/15  (rcs-revision 1.18)

(/collab/usr/global/tools/texlive/toss_3_x86_64_ib/2016/texmf-dist/tex/generic/
pgf/basiclayer/pgfcoreexternal.code.tex
File: pgfcoreexternal.code.tex 2014/07/09  (rcs-revision 1.21)
\pgfexternal@startupbox=\box35
))
(/collab/usr/global/tools/texlive/toss_3_x86_64_ib/2016/texmf-dist/tex/generic/
pgf/basiclayer/pgfcorelayers.code.tex
File: pgfcorelayers.code.tex 2013/07/18  (rcs-revision 1.7)
)
(/collab/usr/global/tools/texlive/toss_3_x86_64_ib/2016/texmf-dist/tex/generic/
pgf/basiclayer/pgfcoretransparency.code.tex
File: pgfcoretransparency.code.tex 2013/09/30  (rcs-revision 1.5)
)
(/collab/usr/global/tools/texlive/toss_3_x86_64_ib/2016/texmf-dist/tex/generic/
pgf/basiclayer/pgfcorepatterns.code.tex
File: pgfcorepatterns.code.tex 2013/11/07  (rcs-revision 1.5)
)))
(/collab/usr/global/tools/texlive/toss_3_x86_64_ib/2016/texmf-dist/tex/generic/
pgf/modules/pgfmoduleshapes.code.tex
File: pgfmoduleshapes.code.tex 2014/03/21  (rcs-revision 1.35)
\pgfnodeparttextbox=\box36
)
(/collab/usr/global/tools/texlive/toss_3_x86_64_ib/2016/texmf-dist/tex/generic/
pgf/modules/pgfmoduleplot.code.tex
File: pgfmoduleplot.code.tex 2015/08/03  (rcs-revision 1.13)
)
(/collab/usr/global/tools/texlive/toss_3_x86_64_ib/2016/texmf-dist/tex/latex/pg
f/compatibility/pgfcomp-version-0-65.sty
Package: pgfcomp-version-0-65 2007/07/03 v3.0.1a (rcs-revision 1.7)
\pgf@nodesepstart=\dimen175
\pgf@nodesepend=\dimen176
)
(/collab/usr/global/tools/texlive/toss_3_x86_64_ib/2016/texmf-dist/tex/latex/pg
f/compatibility/pgfcomp-version-1-18.sty
Package: pgfcomp-version-1-18 2007/07/23 v3.0.1a (rcs-revision 1.1)
))
(/collab/usr/global/tools/texlive/toss_3_x86_64_ib/2016/texmf-dist/tex/latex/pg
f/utilities/pgffor.sty
(/collab/usr/global/tools/texlive/toss_3_x86_64_ib/2016/texmf-dist/tex/latex/pg
f/utilities/pgfkeys.sty
(/collab/usr/global/tools/texlive/toss_3_x86_64_ib/2016/texmf-dist/tex/generic/
pgf/utilities/pgfkeys.code.tex))
(/collab/usr/global/tools/texlive/toss_3_x86_64_ib/2016/texmf-dist/tex/latex/pg
f/math/pgfmath.sty
(/collab/usr/global/tools/texlive/toss_3_x86_64_ib/2016/texmf-dist/tex/generic/
pgf/math/pgfmath.code.tex))
(/collab/usr/global/tools/texlive/toss_3_x86_64_ib/2016/texmf-dist/tex/generic/
pgf/utilities/pgffor.code.tex
Package: pgffor 2013/12/13 v3.0.1a (rcs-revision 1.25)

(/collab/usr/global/tools/texlive/toss_3_x86_64_ib/2016/texmf-dist/tex/generic/
pgf/math/pgfmath.code.tex)
\pgffor@iter=\dimen177
\pgffor@skip=\dimen178
\pgffor@stack=\toks29
\pgffor@toks=\toks30
))
(/collab/usr/global/tools/texlive/toss_3_x86_64_ib/2016/texmf-dist/tex/generic/
pgf/frontendlayer/tikz/tikz.code.tex
Package: tikz 2015/08/07 v3.0.1a (rcs-revision 1.151)

(/collab/usr/global/tools/texlive/toss_3_x86_64_ib/2016/texmf-dist/tex/generic/
pgf/libraries/pgflibraryplothandlers.code.tex
File: pgflibraryplothandlers.code.tex 2013/08/31 v3.0.1a (rcs-revision 1.20)
\pgf@plot@mark@count=\count121
\pgfplotmarksize=\dimen179
)
\tikz@lastx=\dimen180
\tikz@lasty=\dimen181
\tikz@lastxsaved=\dimen182
\tikz@lastysaved=\dimen183
\tikzleveldistance=\dimen184
\tikzsiblingdistance=\dimen185
\tikz@figbox=\box37
\tikz@figbox@bg=\box38
\tikz@tempbox=\box39
\tikz@tempbox@bg=\box40
\tikztreelevel=\count122
\tikznumberofchildren=\count123
\tikznumberofcurrentchild=\count124
\tikz@fig@count=\count125

(/collab/usr/global/tools/texlive/toss_3_x86_64_ib/2016/texmf-dist/tex/generic/
pgf/modules/pgfmodulematrix.code.tex
File: pgfmodulematrix.code.tex 2013/09/17  (rcs-revision 1.8)
\pgfmatrixcurrentrow=\count126
\pgfmatrixcurrentcolumn=\count127
\pgf@matrix@numberofcolumns=\count128
)
\tikz@expandcount=\count129

(/collab/usr/global/tools/texlive/toss_3_x86_64_ib/2016/texmf-dist/tex/generic/
pgf/frontendlayer/tikz/libraries/tikzlibrarytopaths.code.tex
File: tikzlibrarytopaths.code.tex 2008/06/17 v3.0.1a (rcs-revision 1.2)
)))
(/collab/usr/global/tools/texlive/toss_3_x86_64_ib/2016/texmf-dist/tex/generic/
pgf/frontendlayer/tikz/libraries/tikzlibrarypositioning.code.tex
File: tikzlibrarypositioning.code.tex 2008/10/06 v3.0.1a (rcs-revision 1.7)
)
(/collab/usr/global/tools/texlive/toss_3_x86_64_ib/2016/texmf-dist/tex/latex/to
ols/calc.sty
Package: calc 2014/10/28 v4.3 Infix arithmetic (KKT,FJ)
\calc@Acount=\count130
\calc@Bcount=\count131
\calc@Adimen=\dimen186
\calc@Bdimen=\dimen187
\calc@Askip=\skip49
\calc@Bskip=\skip50
LaTeX Info: Redefining \setlength on input line 80.
LaTeX Info: Redefining \addtolength on input line 81.
\calc@Ccount=\count132
\calc@Cskip=\skip51
)
\c@@todonotes@numberoftodonotes=\count133
))

LaTeX Warning: Unused global option(s):
    [compsocconf].

(./bare_conf.aux)
\openout1 = `bare_conf.aux'.

LaTeX Font Info:    Checking defaults for OML/cmm/m/it on input line 4.
LaTeX Font Info:    ... okay on input line 4.
LaTeX Font Info:    Checking defaults for T1/cmr/m/n on input line 4.
LaTeX Font Info:    ... okay on input line 4.
LaTeX Font Info:    Checking defaults for OT1/cmr/m/n on input line 4.
LaTeX Font Info:    ... okay on input line 4.
LaTeX Font Info:    Checking defaults for OMS/cmsy/m/n on input line 4.
LaTeX Font Info:    ... okay on input line 4.
LaTeX Font Info:    Checking defaults for OMX/cmex/m/n on input line 4.
LaTeX Font Info:    ... okay on input line 4.
LaTeX Font Info:    Checking defaults for U/cmr/m/n on input line 4.
LaTeX Font Info:    ... okay on input line 4.

-- Lines per column: 56 (exact).
\c@lstlisting=\count134
Package caption Info: Begin \AtBeginDocument code.
Package caption Info: subfig package v1.3 is loaded.
Package caption Info: End \AtBeginDocument code.

(/collab/usr/global/tools/texlive/toss_3_x86_64_ib/2016/texmf-dist/tex/context/
base/mkii/supp-pdf.mkii
[Loading MPS to PDF converter (version 2006.09.02).]
\scratchcounter=\count135
\scratchdimen=\dimen188
\scratchbox=\box41
\nofMPsegments=\count136
\nofMParguments=\count137
\everyMPshowfont=\toks31
\MPscratchCnt=\count138
\MPscratchDim=\dimen189
\MPnumerator=\count139
\makeMPintoPDFobject=\count140
\everyMPtoPDFconversion=\toks32
)
(/collab/usr/global/tools/texlive/toss_3_x86_64_ib/2016/texmf-dist/tex/generic/
oberdiek/pdftexcmds.sty
Package: pdftexcmds 2017/03/19 v0.25 Utility functions of pdfTeX for LuaTeX (HO
)

(/collab/usr/global/tools/texlive/toss_3_x86_64_ib/2016/texmf-dist/tex/generic/
oberdiek/ifluatex.sty
Package: ifluatex 2016/05/16 v1.4 Provides the ifluatex switch (HO)
Package ifluatex Info: LuaTeX not detected.
)
(/collab/usr/global/tools/texlive/toss_3_x86_64_ib/2016/texmf-dist/tex/generic/
oberdiek/ifpdf.sty
Package: ifpdf 2017/03/15 v3.2 Provides the ifpdf switch
)
Package pdftexcmds Info: LuaTeX not detected.
Package pdftexcmds Info: \pdf@primitive is available.
Package pdftexcmds Info: \pdf@ifprimitive is available.
Package pdftexcmds Info: \pdfdraftmode found.
)
(/collab/usr/global/tools/texlive/toss_3_x86_64_ib/2016/texmf-dist/tex/latex/ob
erdiek/epstopdf-base.sty
Package: epstopdf-base 2016/05/15 v2.6 Base part for package epstopdf

(/collab/usr/global/tools/texlive/toss_3_x86_64_ib/2016/texmf-dist/tex/latex/ob
erdiek/grfext.sty
Package: grfext 2016/05/16 v1.2 Manage graphics extensions (HO)

(/collab/usr/global/tools/texlive/toss_3_x86_64_ib/2016/texmf-dist/tex/generic/
oberdiek/kvdefinekeys.sty
Package: kvdefinekeys 2016/05/16 v1.4 Define keys (HO)
))
(/collab/usr/global/tools/texlive/toss_3_x86_64_ib/2016/texmf-dist/tex/latex/ob
erdiek/kvoptions.sty
Package: kvoptions 2016/05/16 v3.12 Key value format for package options (HO)

(/collab/usr/global/tools/texlive/toss_3_x86_64_ib/2016/texmf-dist/tex/generic/
oberdiek/kvsetkeys.sty
Package: kvsetkeys 2016/05/16 v1.17 Key value parser (HO)

(/collab/usr/global/tools/texlive/toss_3_x86_64_ib/2016/texmf-dist/tex/generic/
oberdiek/etexcmds.sty
Package: etexcmds 2016/05/16 v1.6 Avoid name clashes with e-TeX commands (HO)
Package etexcmds Info: Could not find \expanded.
(etexcmds)             That can mean that you are not using pdfTeX 1.50 or
(etexcmds)             that some package has redefined \expanded.
(etexcmds)             In the latter case, load this package earlier.
)))
Package epstopdf-base Info: Redefining graphics rule for `.eps' on input line 4
38.
Package grfext Info: Graphics extension search list:
(grfext)             [.png,.pdf,.jpg,.mps,.jpeg,.jbig2,.jb2,.PNG,.PDF,.JPG,.JPE
G,.JBIG2,.JB2,.eps]
(grfext)             \AppendGraphicsExtensions on input line 456.

(/collab/usr/global/tools/texlive/toss_3_x86_64_ib/2016/texmf-dist/tex/latex/la
texconfig/epstopdf-sys.cfg
File: epstopdf-sys.cfg 2010/07/13 v1.3 Configuration of (r)epstopdf for TeX Liv
e
)) ABD: EveryShipout initializing macros
(./00_title_authors.tex
LaTeX Font Info:    Try loading font information for OMS+ptm on input line 21.

(/collab/usr/global/tools/texlive/toss_3_x86_64_ib/2016/texmf-dist/tex/latex/ps
nfss/omsptm.fd
File: omsptm.fd 
)
LaTeX Font Info:    Font shape `OMS/ptm/m/n' in size <10> not available
(Font)              Font shape `OMS/cmsy/m/n' tried instead on input line 21.
) (./01_intro_motive.tex
<images/sosflow_masthead.png, id=4, 780.9175pt x 120.45pt>
File: images/sosflow_masthead.png Graphic file (type png)

<use images/sosflow_masthead.png>
Package pdftex.def Info: images/sosflow_masthead.png used on input line 7.
(pdftex.def)             Requested size: 252.0pt x 38.86826pt.
LaTeX Font Info:    External font `cmex10' loaded for size
(Font)              <7> on input line 23.
LaTeX Font Info:    External font `cmex10' loaded for size
(Font)              <5> on input line 23.

<images/placeholder.jpg, id=6, 628.3475pt x 628.3475pt>
File: images/placeholder.jpg Graphic file (type jpg)

<use images/placeholder.jpg>
Package pdftex.def Info: images/placeholder.jpg used on input line 43.
(pdftex.def)             Requested size: 252.0pt x 251.9961pt.


LaTeX Warning: `h' float specifier changed to `ht'.

) (./02_related.tex [1{/collab/usr/global/tools/texlive/toss_3_x86_64_ib/2016/t
exmf-var/fonts/map/pdftex/updmap/pdftex.map}


 <./images/sosflow_masthead.png> <./images/placeholder.jpg>]
Underfull \hbox (badness 4279) in paragraph at lines 84--87
[]\OT1/ptm/m/n/10 Provides full-support for com-plex, loosely-coupled,
 []

) (./03_architecture.tex
File: images/placeholder.jpg Graphic file (type jpg)
 <use images/placeholder.jpg>
Package pdftex.def Info: images/placeholder.jpg used on input line 48.
(pdftex.def)             Requested size: 252.0pt x 251.9961pt.
 [2]
File: images/placeholder.jpg Graphic file (type jpg)

<use images/placeholder.jpg>
Package pdftex.def Info: images/placeholder.jpg used on input line 193.
(pdftex.def)             Requested size: 252.0pt x 251.9961pt.
 [3]
File: images/placeholder.jpg Graphic file (type jpg)
 <use images/placeholder.jpg>
Package pdftex.def Info: images/placeholder.jpg used on input line 286.
(pdftex.def)             Requested size: 252.0pt x 251.9961pt.


LaTeX Warning: `h' float specifier changed to `ht'.

File: images/placeholder.jpg Graphic file (type jpg)
<use images/placeholder.jpg>
Package pdftex.def Info: images/placeholder.jpg used on input line 336.
(pdftex.def)             Requested size: 252.0pt x 251.9961pt.


LaTeX Warning: `h' float specifier changed to `ht'.

) (./04_experiments.tex [4]) (./05_results.tex) (./06_conclusion.tex
Underfull \hbox (badness 1783) in paragraph at lines 33--37
[]\OT1/ptm/m/n/10 The re-search re-port was sup-ported by a grant (DE-
 []

) (./bare_conf.bbl)

** Conference Paper **
Before submitting the final camera ready copy, remember to:

 1. Manually equalize the lengths of two columns on the last page
 of your paper;

 2. Ensure that any PostScript and/or PDF output post-processing
 uses only Type 1 fonts and that every step in the generation
 process uses the appropriate paper size.

[5

] (./bare_conf.aux) ) 
Here is how much of TeX's memory you used:
 14816 strings out of 493013
 301526 string characters out of 6119099
 339252 words of memory out of 5000000
 18076 multiletter control sequences out of 15000+600000
 35250 words of font info for 64 fonts, out of 8000000 for 9000
 1141 hyphenation exceptions out of 8191
 64i,8n,80p,488b,613s stack positions out of 5000i,500n,10000p,200000b,80000s
{/collab/usr/global/tools/texlive/toss_3_x86_64_ib/2016/te
xmf-dist/fonts/enc/dvips/base/8r.enc}</collab/usr/global/tools/texlive/toss_3_x
86_64_ib/2016/texmf-dist/fonts/type1/public/amsfonts/cm/cmsy10.pfb></collab/usr
/global/tools/texlive/toss_3_x86_64_ib/2016/texmf-dist/fonts/type1/public/amsfo
nts/cm/cmsy7.pfb></collab/usr/global/tools/texlive/toss_3_x86_64_ib/2016/texmf-
dist/fonts/type1/urw/times/utmb8a.pfb></collab/usr/global/tools/texlive/toss_3_
x86_64_ib/2016/texmf-dist/fonts/type1/urw/times/utmbi8a.pfb></collab/usr/global
/tools/texlive/toss_3_x86_64_ib/2016/texmf-dist/fonts/type1/urw/times/utmr8a.pf
b></collab/usr/global/tools/texlive/toss_3_x86_64_ib/2016/texmf-dist/fonts/type
1/urw/times/utmri8a.pfb>
Output written on bare_conf.pdf (5 pages, 255734 bytes).
PDF statistics:
 52 PDF objects out of 1000 (max. 8388607)
 35 compressed objects within 1 object stream
 0 named destinations out of 1000 (max. 500000)
 23 words of extra memory for PDF output out of 10000 (max. 10000000)

